2026-01-13 08:30:36 [INFO] ======================================================================
2026-01-13 08:30:36 [INFO] MAGISTER SERVER - HEADLESS MODE (MULTI-KIND) - DEV VERSION
2026-01-13 08:30:36 [INFO] Log file: ./magister.log
2026-01-13 08:30:36 [INFO] ======================================================================
2026-01-13 08:30:36 [INFO] ✓ Chromium gevonden: /run/current-system/sw/bin/chromium
2026-01-13 08:30:36 [INFO] ✓ Sessie bestand gevonden: magister_session.json
2026-01-13 08:30:36 [INFO] Testen van sessie...
2026-01-13 08:30:46 [INFO]   Geen afspraken response, probeer directe API test...
2026-01-13 08:30:46 [ERROR] ✗ API test error: It looks like you are using Playwright Sync API inside the asyncio loop.
Please use the Async API instead.
Traceback (most recent call last):
  File "/home/wtoorren/data/git/torreirow-nixos/modules/magister/./magister_server_dev.py", line 272, in test_session_api
    with sync_playwright() as p:
         ~~~~~~~~~~~~~~~^^
  File "/nix/store/gmm56wjgm6nbq3bbr20hkflskr6f0w6n-python3-3.13.9-env/lib/python3.13/site-packages/playwright/sync_api/_context_manager.py", line 47, in __enter__
                raise Error(
    ...<2 lines>...
                )
playwright._impl._errors.Error: It looks like you are using Playwright Sync API inside the asyncio loop.
Please use the Async API instead.
2026-01-13 08:30:46 [ERROR] ✗ Sessie is niet meer geldig!
2026-01-13 08:30:46 [INFO] De sessie is verlopen. Voer de volgende stappen uit:
2026-01-13 08:30:46 [INFO] 1. Draai magister_login.py op je laptop (opnieuw inloggen)
2026-01-13 08:30:46 [INFO] 2. Kopieer het nieuwe magister_session.json naar deze server
2026-01-13 08:30:46 [INFO] 3. Start dit script opnieuw
2026-01-13 08:31:23 [INFO] ======================================================================
2026-01-13 08:31:23 [INFO] MAGISTER SERVER - HEADLESS MODE (MULTI-KIND) - DEV VERSION
2026-01-13 08:31:23 [INFO] Log file: ./magister.log
2026-01-13 08:31:23 [INFO] ======================================================================
2026-01-13 08:31:23 [INFO] ✓ Chromium gevonden: /run/current-system/sw/bin/chromium
2026-01-13 08:31:23 [INFO] ✓ Sessie bestand gevonden: magister_session.json
2026-01-13 08:31:23 [INFO] Testen van sessie...
2026-01-13 08:31:33 [INFO] ✓ Sessie is nog geldig
2026-01-13 08:31:33 [INFO] === Kinderen detecteren ===
2026-01-13 08:31:33 [INFO] Ophalen lijst kinderen...
2026-01-13 08:31:44 [INFO] ✓ Gevonden: 2 kind(eren)
2026-01-13 08:31:44 [INFO]   - Noraly (ID: 38436, Stamnr: 17013)
2026-01-13 08:31:44 [INFO]   - Boaz (ID: 41801, Stamnr: 18370)
2026-01-13 08:31:44 [INFO] === Agenda's ophalen ===
2026-01-13 08:31:44 [INFO] → Noraly (ID: 38436)...
2026-01-13 08:31:58 [INFO] ✓ Afspraken opgehaald via API: 9 items (2026-01-12 t/m 2026-01-18)
2026-01-13 08:31:58 [INFO] ✓ iCal bestand bijgewerkt: magister_noraly.ics (9 afspraken)
2026-01-13 08:31:58 [INFO] → Boaz (ID: 41801)...
2026-01-13 08:32:09 [INFO] ✓ Afspraken opgehaald via API: 34 items (2026-01-12 t/m 2026-01-18)
2026-01-13 08:32:09 [INFO] ✓ iCal bestand bijgewerkt: magister_boaz.ics (34 afspraken)
2026-01-13 08:32:09 [INFO] === Index genereren ===
2026-01-13 08:32:09 [INFO] ✓ index.html gegenereerd met 2 calendar(s)
2026-01-13 08:32:09 [INFO] === Keep-alive gestart (elke 28 minuten) ===
2026-01-13 08:32:09 [INFO] Het script update 2 agenda bestand(en) automatisch
2026-01-13 08:32:09 [INFO] Druk op Ctrl+C om te stoppen
2026-01-13 08:32:15 [INFO] ✓ Server gestopt door gebruiker
2026-01-13 08:34:10 [INFO] ======================================================================
2026-01-13 08:34:10 [INFO] MAGISTER SERVER - HEADLESS MODE (MULTI-KIND) - DEV VERSION
2026-01-13 08:34:10 [INFO] Log file: ./magister.log
2026-01-13 08:34:10 [INFO] ======================================================================
2026-01-13 08:34:10 [INFO] ✓ Chromium gevonden: /run/current-system/sw/bin/chromium
2026-01-13 08:34:10 [INFO] ✓ Sessie bestand gevonden: magister_session.json
2026-01-13 08:34:10 [INFO] Testen van sessie...
2026-01-13 08:34:18 [INFO] ✓ Sessie is nog geldig
2026-01-13 08:34:18 [INFO] === Kinderen detecteren ===
2026-01-13 08:34:18 [INFO] Ophalen lijst kinderen...
2026-01-13 08:34:28 [INFO] ✓ Gevonden: 2 kind(eren)
2026-01-13 08:34:28 [INFO]   - Noraly (ID: 38436, Stamnr: 17013)
2026-01-13 08:34:28 [INFO]   - Boaz (ID: 41801, Stamnr: 18370)
2026-01-13 08:34:28 [INFO] === Agenda's ophalen ===
2026-01-13 08:34:28 [INFO] → Noraly (ID: 38436)...
2026-01-13 08:34:36 [INFO] ✓ Afspraken opgehaald via API: 9 items (2026-01-12 t/m 2026-01-18)
2026-01-13 08:34:36 [INFO] ✓ iCal bestand bijgewerkt: magister_noraly.ics (9 afspraken)
2026-01-13 08:34:36 [INFO] → Boaz (ID: 41801)...
2026-01-13 08:34:45 [INFO] ✓ Afspraken opgehaald via API: 34 items (2026-01-12 t/m 2026-01-18)
2026-01-13 08:34:45 [INFO] ✓ iCal bestand bijgewerkt: magister_boaz.ics (34 afspraken)
2026-01-13 08:34:45 [INFO] === Index genereren ===
2026-01-13 08:34:45 [INFO] ✓ index.html gegenereerd met 2 calendar(s)
2026-01-13 08:34:45 [INFO] === Keep-alive gestart (elke 10 minuten) ===
2026-01-13 08:34:45 [INFO] Het script update 2 agenda bestand(en) automatisch
2026-01-13 08:34:45 [INFO] Druk op Ctrl+C om te stoppen
2026-01-13 08:36:38 [INFO] ✓ Server gestopt door gebruiker
2026-01-13 08:36:40 [INFO] ======================================================================
2026-01-13 08:36:40 [INFO] MAGISTER SERVER - HEADLESS MODE (MULTI-KIND) - DEV VERSION
2026-01-13 08:36:40 [INFO] Log file: ./magister.log
2026-01-13 08:36:40 [INFO] ======================================================================
2026-01-13 08:36:40 [INFO] ✓ Chromium gevonden: /run/current-system/sw/bin/chromium
2026-01-13 08:36:40 [INFO] ✓ Sessie bestand gevonden: magister_session.json
2026-01-13 08:36:40 [INFO] Testen van sessie...
2026-01-13 08:36:49 [INFO] ✓ Sessie is nog geldig
2026-01-13 08:36:49 [INFO] === Kinderen detecteren ===
2026-01-13 08:36:49 [INFO] Ophalen lijst kinderen...
2026-01-13 08:36:59 [INFO] ✓ Gevonden: 2 kind(eren)
2026-01-13 08:36:59 [INFO]   - Noraly (ID: 38436, Stamnr: 17013)
2026-01-13 08:36:59 [INFO]   - Boaz (ID: 41801, Stamnr: 18370)
2026-01-13 08:37:00 [INFO] === Agenda's ophalen ===
2026-01-13 08:37:00 [INFO] → Noraly (ID: 38436)...
2026-01-13 08:37:08 [INFO] ✓ Afspraken opgehaald via API: 9 items (2026-01-12 t/m 2026-01-18)
2026-01-13 08:37:08 [INFO] ✓ iCal bestand bijgewerkt: magister_noraly.ics (9 afspraken)
2026-01-13 08:37:08 [INFO] → Boaz (ID: 41801)...
2026-01-13 08:37:17 [INFO] ✓ Afspraken opgehaald via API: 34 items (2026-01-12 t/m 2026-01-18)
2026-01-13 08:37:17 [INFO] ✓ iCal bestand bijgewerkt: magister_boaz.ics (34 afspraken)
2026-01-13 08:37:17 [INFO] === Index genereren ===
2026-01-13 08:37:17 [INFO] ✓ index.html gegenereerd met 2 calendar(s)
2026-01-13 08:37:17 [INFO] === Keep-alive gestart (elke 10 minuten) ===
2026-01-13 08:37:17 [INFO] Het script update 2 agenda bestand(en) automatisch
2026-01-13 08:37:17 [INFO] Druk op Ctrl+C om te stoppen
2026-01-13 08:47:17 [INFO] Keep-alive: agenda's ophalen...
2026-01-13 08:47:17 [INFO]   → Noraly...
2026-01-13 08:47:26 [INFO] ✓ Afspraken opgehaald via API: 9 items (2026-01-12 t/m 2026-01-18)
2026-01-13 08:47:26 [INFO] ✓ iCal bestand bijgewerkt: magister_noraly.ics (9 afspraken)
2026-01-13 08:47:26 [INFO]   → Boaz...
2026-01-13 08:47:38 [INFO] ✓ Afspraken opgehaald via API: 34 items (2026-01-12 t/m 2026-01-18)
2026-01-13 08:47:38 [INFO] ✓ iCal bestand bijgewerkt: magister_boaz.ics (34 afspraken)
2026-01-13 08:47:38 [INFO]   → index.html...
2026-01-13 08:47:38 [INFO] ✓ index.html gegenereerd met 2 calendar(s)
2026-01-13 08:57:38 [INFO] Keep-alive: agenda's ophalen...
2026-01-13 08:57:38 [INFO]   → Noraly...
2026-01-13 08:57:51 [INFO] ✓ Afspraken opgehaald via API: 9 items (2026-01-12 t/m 2026-01-18)
2026-01-13 08:57:51 [INFO] ✓ iCal bestand bijgewerkt: magister_noraly.ics (9 afspraken)
2026-01-13 08:57:51 [INFO]   → Boaz...
2026-01-13 08:58:07 [INFO] ✓ Afspraken opgehaald via API: 34 items (2026-01-12 t/m 2026-01-18)
2026-01-13 08:58:07 [INFO] ✓ iCal bestand bijgewerkt: magister_boaz.ics (34 afspraken)
2026-01-13 08:58:07 [INFO]   → index.html...
2026-01-13 08:58:07 [INFO] ✓ index.html gegenereerd met 2 calendar(s)
2026-01-13 09:03:03 [INFO] ======================================================================
2026-01-13 09:03:03 [INFO] MAGISTER SERVER - HEADLESS MODE (MULTI-KIND) - DEV VERSION
2026-01-13 09:03:03 [INFO] Log file: ./magister.log
2026-01-13 09:03:03 [INFO] ======================================================================
2026-01-13 09:03:03 [INFO] ✓ Chromium gevonden: /run/current-system/sw/bin/chromium
2026-01-13 09:03:03 [INFO] ✓ Sessie bestand gevonden: magister_session.json
2026-01-13 09:03:03 [INFO] Testen van sessie...
2026-01-13 09:03:12 [INFO] ✓ Sessie is nog geldig
2026-01-13 09:03:12 [INFO] === Kinderen detecteren ===
2026-01-13 09:03:12 [INFO] Ophalen lijst kinderen...
2026-01-13 09:03:21 [INFO] ✓ Gevonden: 2 kind(eren)
2026-01-13 09:03:21 [INFO]   - Noraly (ID: 38436, Stamnr: 17013)
2026-01-13 09:03:21 [INFO]   - Boaz (ID: 41801, Stamnr: 18370)
2026-01-13 09:03:21 [INFO] === Agenda's ophalen ===
2026-01-13 09:03:21 [INFO] → Noraly (ID: 38436)...
2026-01-13 09:03:32 [INFO] ✓ Afspraken opgehaald via API: 12 items (2026-01-12 t/m 2026-01-18)
2026-01-13 09:03:32 [INFO] ✓ iCal bestand bijgewerkt: magister_noraly.ics (12 afspraken)
2026-01-13 09:03:32 [INFO] → Boaz (ID: 41801)...
2026-01-13 09:03:42 [INFO] ✓ Afspraken opgehaald via API: 37 items (2026-01-12 t/m 2026-01-18)
2026-01-13 09:03:42 [INFO] ✓ iCal bestand bijgewerkt: magister_boaz.ics (37 afspraken)
2026-01-13 09:03:42 [INFO] === Index genereren ===
2026-01-13 09:03:42 [INFO] ✓ index.html gegenereerd met 2 calendar(s)
2026-01-13 09:03:42 [INFO] === Keep-alive gestart (elke 10 minuten) ===
2026-01-13 09:03:42 [INFO] Het script update 2 agenda bestand(en) automatisch
2026-01-13 09:03:42 [INFO] Druk op Ctrl+C om te stoppen
2026-01-13 09:11:16 [INFO] ======================================================================
2026-01-13 09:11:16 [INFO] MAGISTER SERVER - HEADLESS MODE (MULTI-KIND) - DEV VERSION
2026-01-13 09:11:16 [INFO] Log file: ./magister.log
2026-01-13 09:11:16 [INFO] ======================================================================
2026-01-13 09:11:16 [INFO] ✓ Chromium gevonden: /run/current-system/sw/bin/chromium
2026-01-13 09:11:16 [INFO] ✓ Sessie bestand gevonden: magister_session.json
2026-01-13 09:11:16 [INFO] Testen van sessie...
2026-01-13 09:11:26 [INFO] ✓ Sessie is nog geldig
2026-01-13 09:11:26 [INFO] === Kinderen detecteren ===
2026-01-13 09:11:26 [INFO] Ophalen lijst kinderen...
2026-01-13 09:11:36 [INFO] ✓ Gevonden: 2 kind(eren)
2026-01-13 09:11:36 [INFO]   - Noraly (ID: 38436, Stamnr: 17013)
2026-01-13 09:11:36 [INFO]   - Boaz (ID: 41801, Stamnr: 18370)
2026-01-13 09:11:36 [INFO] === Agenda's ophalen ===
2026-01-13 09:11:36 [INFO] → Noraly (ID: 38436)...
2026-01-13 09:11:46 [INFO] ✓ Afspraken opgehaald via API: 12 items (2026-01-12 t/m 2026-01-18)
2026-01-13 09:11:46 [INFO] ✓ iCal bestand bijgewerkt: magister_noraly.ics (12 afspraken)
2026-01-13 09:11:46 [INFO] → Boaz (ID: 41801)...
2026-01-13 09:11:56 [INFO] ✓ Afspraken opgehaald via API: 37 items (2026-01-12 t/m 2026-01-18)
2026-01-13 09:11:56 [INFO] ✓ iCal bestand bijgewerkt: magister_boaz.ics (37 afspraken)
2026-01-13 09:11:56 [INFO] === Index genereren ===
2026-01-13 09:11:56 [INFO] ✓ index.html gegenereerd met 2 calendar(s)
2026-01-13 09:11:56 [INFO] === Keep-alive gestart (elke 10 minuten) ===
2026-01-13 09:11:56 [INFO] Het script update 2 agenda bestand(en) automatisch
2026-01-13 09:11:56 [INFO] Druk op Ctrl+C om te stoppen
2026-01-13 09:13:42 [INFO] Keep-alive: agenda's ophalen...
2026-01-13 09:13:42 [INFO]   → Noraly...
2026-01-13 09:13:51 [INFO] ✓ Afspraken opgehaald via API: 12 items (2026-01-12 t/m 2026-01-18)
2026-01-13 09:13:51 [INFO] ✓ iCal bestand bijgewerkt: magister_noraly.ics (12 afspraken)
2026-01-13 09:13:51 [INFO]   → Boaz...
2026-01-13 09:13:59 [INFO] ✓ Afspraken opgehaald via API: 37 items (2026-01-12 t/m 2026-01-18)
2026-01-13 09:13:59 [INFO] ✓ iCal bestand bijgewerkt: magister_boaz.ics (37 afspraken)
2026-01-13 09:13:59 [INFO]   → index.html...
2026-01-13 09:13:59 [INFO] ✓ index.html gegenereerd met 2 calendar(s)
2026-01-13 09:21:56 [INFO] Keep-alive: agenda's ophalen...
2026-01-13 09:21:56 [INFO]   → Noraly...
2026-01-13 09:22:04 [INFO] ✓ Afspraken opgehaald via API: 12 items (2026-01-12 t/m 2026-01-18)
2026-01-13 09:22:04 [INFO] ✓ iCal bestand bijgewerkt: magister_noraly.ics (12 afspraken)
2026-01-13 09:22:04 [INFO]   → Boaz...
2026-01-13 09:22:14 [INFO] ✓ Afspraken opgehaald via API: 37 items (2026-01-12 t/m 2026-01-18)
2026-01-13 09:22:14 [INFO] ✓ iCal bestand bijgewerkt: magister_boaz.ics (37 afspraken)
2026-01-13 09:22:14 [INFO]   → index.html...
2026-01-13 09:22:14 [INFO] ✓ index.html gegenereerd met 2 calendar(s)
2026-01-13 09:23:59 [INFO] Keep-alive: agenda's ophalen...
2026-01-13 09:23:59 [INFO]   → Noraly...
2026-01-13 09:24:08 [INFO] ✓ Afspraken opgehaald via API: 12 items (2026-01-12 t/m 2026-01-18)
2026-01-13 09:24:08 [INFO] ✓ iCal bestand bijgewerkt: magister_noraly.ics (12 afspraken)
2026-01-13 09:24:08 [INFO]   → Boaz...
2026-01-13 09:24:16 [INFO] ✓ Afspraken opgehaald via API: 37 items (2026-01-12 t/m 2026-01-18)
2026-01-13 09:24:16 [INFO] ✓ iCal bestand bijgewerkt: magister_boaz.ics (37 afspraken)
2026-01-13 09:24:16 [INFO]   → index.html...
2026-01-13 09:24:16 [INFO] ✓ index.html gegenereerd met 2 calendar(s)
2026-01-13 09:32:14 [INFO] Keep-alive: agenda's ophalen...
2026-01-13 09:32:14 [INFO]   → Noraly...
2026-01-13 09:32:24 [INFO] ✓ Afspraken opgehaald via API: 12 items (2026-01-12 t/m 2026-01-18)
2026-01-13 09:32:24 [INFO] ✓ iCal bestand bijgewerkt: magister_noraly.ics (12 afspraken)
2026-01-13 09:32:24 [INFO]   → Boaz...
2026-01-13 09:32:34 [INFO] ✓ Afspraken opgehaald via API: 37 items (2026-01-12 t/m 2026-01-18)
2026-01-13 09:32:34 [INFO] ✓ iCal bestand bijgewerkt: magister_boaz.ics (37 afspraken)
2026-01-13 09:32:34 [INFO]   → index.html...
2026-01-13 09:32:34 [INFO] ✓ index.html gegenereerd met 2 calendar(s)
2026-01-13 09:34:16 [INFO] Keep-alive: agenda's ophalen...
2026-01-13 09:34:16 [INFO]   → Noraly...
2026-01-13 09:34:26 [INFO] ✓ Afspraken opgehaald via API: 12 items (2026-01-12 t/m 2026-01-18)
2026-01-13 09:34:26 [INFO] ✓ iCal bestand bijgewerkt: magister_noraly.ics (12 afspraken)
2026-01-13 09:34:26 [INFO]   → Boaz...
2026-01-13 09:34:36 [INFO] ✓ Afspraken opgehaald via API: 37 items (2026-01-12 t/m 2026-01-18)
2026-01-13 09:34:36 [INFO] ✓ iCal bestand bijgewerkt: magister_boaz.ics (37 afspraken)
2026-01-13 09:34:36 [INFO]   → index.html...
2026-01-13 09:34:36 [INFO] ✓ index.html gegenereerd met 2 calendar(s)
2026-01-13 09:42:34 [INFO] Keep-alive: agenda's ophalen...
2026-01-13 09:42:34 [INFO]   → Noraly...
2026-01-13 09:42:42 [INFO] ✓ Afspraken opgehaald via API: 12 items (2026-01-12 t/m 2026-01-18)
2026-01-13 09:42:42 [INFO] ✓ iCal bestand bijgewerkt: magister_noraly.ics (12 afspraken)
2026-01-13 09:42:42 [INFO]   → Boaz...
2026-01-13 09:42:51 [INFO] ✓ Afspraken opgehaald via API: 37 items (2026-01-12 t/m 2026-01-18)
2026-01-13 09:42:51 [INFO] ✓ iCal bestand bijgewerkt: magister_boaz.ics (37 afspraken)
2026-01-13 09:42:51 [INFO]   → index.html...
2026-01-13 09:42:51 [INFO] ✓ index.html gegenereerd met 2 calendar(s)
2026-01-13 09:44:36 [INFO] Keep-alive: agenda's ophalen...
2026-01-13 09:44:36 [INFO]   → Noraly...
2026-01-13 09:44:45 [INFO] ✓ Afspraken opgehaald via API: 12 items (2026-01-12 t/m 2026-01-18)
2026-01-13 09:44:45 [INFO] ✓ iCal bestand bijgewerkt: magister_noraly.ics (12 afspraken)
2026-01-13 09:44:45 [INFO]   → Boaz...
2026-01-13 09:44:53 [INFO] ✓ Afspraken opgehaald via API: 37 items (2026-01-12 t/m 2026-01-18)
2026-01-13 09:44:53 [INFO] ✓ iCal bestand bijgewerkt: magister_boaz.ics (37 afspraken)
2026-01-13 09:44:53 [INFO]   → index.html...
2026-01-13 09:44:53 [INFO] ✓ index.html gegenereerd met 2 calendar(s)
2026-01-13 09:52:51 [INFO] Keep-alive: agenda's ophalen...
2026-01-13 09:52:51 [INFO]   → Noraly...
2026-01-13 09:53:01 [INFO] ✓ Afspraken opgehaald via API: 12 items (2026-01-12 t/m 2026-01-18)
2026-01-13 09:53:01 [INFO] ✓ iCal bestand bijgewerkt: magister_noraly.ics (12 afspraken)
2026-01-13 09:53:01 [INFO]   → Boaz...
2026-01-13 09:53:10 [INFO] ✓ Afspraken opgehaald via API: 37 items (2026-01-12 t/m 2026-01-18)
2026-01-13 09:53:10 [INFO] ✓ iCal bestand bijgewerkt: magister_boaz.ics (37 afspraken)
2026-01-13 09:53:10 [INFO]   → index.html...
2026-01-13 09:53:10 [INFO] ✓ index.html gegenereerd met 2 calendar(s)
2026-01-13 09:54:53 [INFO] Keep-alive: agenda's ophalen...
2026-01-13 09:54:53 [INFO]   → Noraly...
2026-01-13 09:55:03 [INFO] ✓ Afspraken opgehaald via API: 12 items (2026-01-12 t/m 2026-01-18)
2026-01-13 09:55:03 [INFO] ✓ iCal bestand bijgewerkt: magister_noraly.ics (12 afspraken)
2026-01-13 09:55:03 [INFO]   → Boaz...
2026-01-13 09:55:13 [INFO] ✓ Afspraken opgehaald via API: 37 items (2026-01-12 t/m 2026-01-18)
2026-01-13 09:55:13 [INFO] ✓ iCal bestand bijgewerkt: magister_boaz.ics (37 afspraken)
2026-01-13 09:55:13 [INFO]   → index.html...
2026-01-13 09:55:13 [INFO] ✓ index.html gegenereerd met 2 calendar(s)
2026-01-13 10:03:10 [INFO] Keep-alive: agenda's ophalen...
2026-01-13 10:03:10 [INFO]   → Noraly...
2026-01-13 10:03:20 [INFO] ✓ Afspraken opgehaald via API: 12 items (2026-01-12 t/m 2026-01-18)
2026-01-13 10:03:20 [INFO] ✓ iCal bestand bijgewerkt: magister_noraly.ics (12 afspraken)
2026-01-13 10:03:20 [INFO]   → Boaz...
2026-01-13 10:03:29 [INFO] ✓ Afspraken opgehaald via API: 37 items (2026-01-12 t/m 2026-01-18)
2026-01-13 10:03:29 [INFO] ✓ iCal bestand bijgewerkt: magister_boaz.ics (37 afspraken)
2026-01-13 10:03:29 [INFO]   → index.html...
2026-01-13 10:03:29 [INFO] ✓ index.html gegenereerd met 2 calendar(s)
2026-01-13 10:05:13 [INFO] Keep-alive: agenda's ophalen...
2026-01-13 10:05:13 [INFO]   → Noraly...
2026-01-13 10:05:22 [INFO] ✓ Afspraken opgehaald via API: 12 items (2026-01-12 t/m 2026-01-18)
2026-01-13 10:05:22 [INFO] ✓ iCal bestand bijgewerkt: magister_noraly.ics (12 afspraken)
2026-01-13 10:05:22 [INFO]   → Boaz...
2026-01-13 10:05:33 [INFO] ✓ Afspraken opgehaald via API: 37 items (2026-01-12 t/m 2026-01-18)
2026-01-13 10:05:33 [INFO] ✓ iCal bestand bijgewerkt: magister_boaz.ics (37 afspraken)
2026-01-13 10:05:33 [INFO]   → index.html...
2026-01-13 10:05:33 [INFO] ✓ index.html gegenereerd met 2 calendar(s)
2026-01-13 10:13:29 [INFO] Keep-alive: agenda's ophalen...
2026-01-13 10:13:29 [INFO]   → Noraly...
2026-01-13 10:13:39 [INFO] ✓ Afspraken opgehaald via API: 12 items (2026-01-12 t/m 2026-01-18)
2026-01-13 10:13:39 [INFO] ✓ iCal bestand bijgewerkt: magister_noraly.ics (12 afspraken)
2026-01-13 10:13:39 [INFO]   → Boaz...
2026-01-13 10:13:50 [INFO] ✓ Afspraken opgehaald via API: 37 items (2026-01-12 t/m 2026-01-18)
2026-01-13 10:13:50 [INFO] ✓ iCal bestand bijgewerkt: magister_boaz.ics (37 afspraken)
2026-01-13 10:13:50 [INFO]   → index.html...
2026-01-13 10:13:50 [INFO] ✓ index.html gegenereerd met 2 calendar(s)
2026-01-13 10:15:33 [INFO] Keep-alive: agenda's ophalen...
2026-01-13 10:15:33 [INFO]   → Noraly...
2026-01-13 10:15:42 [INFO] ✓ Afspraken opgehaald via API: 12 items (2026-01-12 t/m 2026-01-18)
2026-01-13 10:15:42 [INFO] ✓ iCal bestand bijgewerkt: magister_noraly.ics (12 afspraken)
2026-01-13 10:15:42 [INFO]   → Boaz...
2026-01-13 10:15:52 [INFO] ✓ Afspraken opgehaald via API: 37 items (2026-01-12 t/m 2026-01-18)
2026-01-13 10:15:52 [INFO] ✓ iCal bestand bijgewerkt: magister_boaz.ics (37 afspraken)
2026-01-13 10:15:52 [INFO]   → index.html...
2026-01-13 10:15:52 [INFO] ✓ index.html gegenereerd met 2 calendar(s)
2026-01-13 10:23:50 [INFO] Keep-alive: agenda's ophalen...
2026-01-13 10:23:50 [INFO]   → Noraly...
2026-01-13 10:23:58 [INFO] ✓ Afspraken opgehaald via API: 12 items (2026-01-12 t/m 2026-01-18)
2026-01-13 10:23:58 [INFO] ✓ iCal bestand bijgewerkt: magister_noraly.ics (12 afspraken)
2026-01-13 10:23:58 [INFO]   → Boaz...
2026-01-13 10:24:07 [INFO] ✓ Afspraken opgehaald via API: 37 items (2026-01-12 t/m 2026-01-18)
2026-01-13 10:24:07 [INFO] ✓ iCal bestand bijgewerkt: magister_boaz.ics (37 afspraken)
2026-01-13 10:24:07 [INFO]   → index.html...
2026-01-13 10:24:07 [INFO] ✓ index.html gegenereerd met 2 calendar(s)
2026-01-13 10:25:52 [INFO] Keep-alive: agenda's ophalen...
2026-01-13 10:25:52 [INFO]   → Noraly...
2026-01-13 10:26:01 [INFO] ✓ Afspraken opgehaald via API: 12 items (2026-01-12 t/m 2026-01-18)
2026-01-13 10:26:01 [INFO] ✓ iCal bestand bijgewerkt: magister_noraly.ics (12 afspraken)
2026-01-13 10:26:01 [INFO]   → Boaz...
2026-01-13 10:26:09 [INFO] ✓ Afspraken opgehaald via API: 37 items (2026-01-12 t/m 2026-01-18)
2026-01-13 10:26:09 [INFO] ✓ iCal bestand bijgewerkt: magister_boaz.ics (37 afspraken)
2026-01-13 10:26:09 [INFO]   → index.html...
2026-01-13 10:26:09 [INFO] ✓ index.html gegenereerd met 2 calendar(s)
2026-01-13 10:34:07 [INFO] Keep-alive: agenda's ophalen...
2026-01-13 10:34:07 [INFO]   → Noraly...
2026-01-13 10:34:15 [INFO] ✓ Afspraken opgehaald via API: 12 items (2026-01-12 t/m 2026-01-18)
2026-01-13 10:34:15 [INFO] ✓ iCal bestand bijgewerkt: magister_noraly.ics (12 afspraken)
2026-01-13 10:34:15 [INFO]   → Boaz...
2026-01-13 10:34:24 [INFO] ✓ Afspraken opgehaald via API: 37 items (2026-01-12 t/m 2026-01-18)
2026-01-13 10:34:24 [INFO] ✓ iCal bestand bijgewerkt: magister_boaz.ics (37 afspraken)
2026-01-13 10:34:24 [INFO]   → index.html...
2026-01-13 10:34:25 [INFO] ✓ index.html gegenereerd met 2 calendar(s)
2026-01-13 10:36:09 [INFO] Keep-alive: agenda's ophalen...
2026-01-13 10:36:09 [INFO]   → Noraly...
2026-01-13 10:36:19 [INFO] ✓ Afspraken opgehaald via API: 12 items (2026-01-12 t/m 2026-01-18)
2026-01-13 10:36:19 [INFO] ✓ iCal bestand bijgewerkt: magister_noraly.ics (12 afspraken)
2026-01-13 10:36:19 [INFO]   → Boaz...
2026-01-13 10:36:28 [INFO] ✓ Afspraken opgehaald via API: 37 items (2026-01-12 t/m 2026-01-18)
2026-01-13 10:36:28 [INFO] ✓ iCal bestand bijgewerkt: magister_boaz.ics (37 afspraken)
2026-01-13 10:36:28 [INFO]   → index.html...
2026-01-13 10:36:28 [INFO] ✓ index.html gegenereerd met 2 calendar(s)
2026-01-13 10:44:25 [INFO] Keep-alive: agenda's ophalen...
2026-01-13 10:44:25 [INFO]   → Noraly...
2026-01-13 10:44:35 [INFO] ✓ Afspraken opgehaald via API: 12 items (2026-01-12 t/m 2026-01-18)
2026-01-13 10:44:35 [INFO] ✓ iCal bestand bijgewerkt: magister_noraly.ics (12 afspraken)
2026-01-13 10:44:35 [INFO]   → Boaz...
2026-01-13 10:44:45 [INFO] ✓ Afspraken opgehaald via API: 37 items (2026-01-12 t/m 2026-01-18)
2026-01-13 10:44:45 [INFO] ✓ iCal bestand bijgewerkt: magister_boaz.ics (37 afspraken)
2026-01-13 10:44:45 [INFO]   → index.html...
2026-01-13 10:44:45 [INFO] ✓ index.html gegenereerd met 2 calendar(s)
2026-01-13 10:46:28 [INFO] Keep-alive: agenda's ophalen...
2026-01-13 10:46:28 [INFO]   → Noraly...
2026-01-13 10:46:38 [INFO] ✓ Afspraken opgehaald via API: 12 items (2026-01-12 t/m 2026-01-18)
2026-01-13 10:46:38 [INFO] ✓ iCal bestand bijgewerkt: magister_noraly.ics (12 afspraken)
2026-01-13 10:46:38 [INFO]   → Boaz...
2026-01-13 10:46:50 [INFO] ✓ Afspraken opgehaald via API: 37 items (2026-01-12 t/m 2026-01-18)
2026-01-13 10:46:50 [INFO] ✓ iCal bestand bijgewerkt: magister_boaz.ics (37 afspraken)
2026-01-13 10:46:50 [INFO]   → index.html...
2026-01-13 10:46:50 [INFO] ✓ index.html gegenereerd met 2 calendar(s)
2026-01-13 10:54:45 [INFO] Keep-alive: agenda's ophalen...
2026-01-13 10:54:45 [INFO]   → Noraly...
2026-01-13 10:54:54 [INFO] ✓ Afspraken opgehaald via API: 12 items (2026-01-12 t/m 2026-01-18)
2026-01-13 10:54:54 [INFO] ✓ iCal bestand bijgewerkt: magister_noraly.ics (12 afspraken)
2026-01-13 10:54:54 [INFO]   → Boaz...
2026-01-13 10:55:04 [INFO] ✓ Afspraken opgehaald via API: 37 items (2026-01-12 t/m 2026-01-18)
2026-01-13 10:55:04 [INFO] ✓ iCal bestand bijgewerkt: magister_boaz.ics (37 afspraken)
2026-01-13 10:55:04 [INFO]   → index.html...
2026-01-13 10:55:04 [INFO] ✓ index.html gegenereerd met 2 calendar(s)
2026-01-13 10:56:50 [INFO] Keep-alive: agenda's ophalen...
2026-01-13 10:56:50 [INFO]   → Noraly...
2026-01-13 10:57:03 [INFO] ✓ Afspraken opgehaald via API: 12 items (2026-01-12 t/m 2026-01-18)
2026-01-13 10:57:03 [INFO] ✓ iCal bestand bijgewerkt: magister_noraly.ics (12 afspraken)
2026-01-13 10:57:03 [INFO]   → Boaz...
2026-01-13 10:57:14 [INFO] ✓ Afspraken opgehaald via API: 37 items (2026-01-12 t/m 2026-01-18)
2026-01-13 10:57:14 [INFO] ✓ iCal bestand bijgewerkt: magister_boaz.ics (37 afspraken)
2026-01-13 10:57:14 [INFO]   → index.html...
2026-01-13 10:57:14 [INFO] ✓ index.html gegenereerd met 2 calendar(s)
2026-01-13 11:05:04 [INFO] Keep-alive: agenda's ophalen...
2026-01-13 11:05:04 [INFO]   → Noraly...
2026-01-13 11:05:15 [INFO] ✓ Afspraken opgehaald via API: 12 items (2026-01-12 t/m 2026-01-18)
2026-01-13 11:05:15 [INFO] ✓ iCal bestand bijgewerkt: magister_noraly.ics (12 afspraken)
2026-01-13 11:05:15 [INFO]   → Boaz...
2026-01-13 11:05:24 [INFO] ✓ Afspraken opgehaald via API: 37 items (2026-01-12 t/m 2026-01-18)
2026-01-13 11:05:24 [INFO] ✓ iCal bestand bijgewerkt: magister_boaz.ics (37 afspraken)
2026-01-13 11:05:24 [INFO]   → index.html...
2026-01-13 11:05:24 [INFO] ✓ index.html gegenereerd met 2 calendar(s)
2026-01-13 11:07:14 [INFO] Keep-alive: agenda's ophalen...
2026-01-13 11:07:14 [INFO]   → Noraly...
2026-01-13 11:07:23 [INFO] ✓ Afspraken opgehaald via API: 12 items (2026-01-12 t/m 2026-01-18)
2026-01-13 11:07:23 [INFO] ✓ iCal bestand bijgewerkt: magister_noraly.ics (12 afspraken)
2026-01-13 11:07:23 [INFO]   → Boaz...
2026-01-13 11:07:33 [INFO] ✓ Afspraken opgehaald via API: 37 items (2026-01-12 t/m 2026-01-18)
2026-01-13 11:07:33 [INFO] ✓ iCal bestand bijgewerkt: magister_boaz.ics (37 afspraken)
2026-01-13 11:07:33 [INFO]   → index.html...
2026-01-13 11:07:33 [INFO] ✓ index.html gegenereerd met 2 calendar(s)
2026-01-13 11:15:24 [INFO] Keep-alive: agenda's ophalen...
2026-01-13 11:15:24 [INFO]   → Noraly...
2026-01-13 11:15:33 [INFO] ✓ Afspraken opgehaald via API: 12 items (2026-01-12 t/m 2026-01-18)
2026-01-13 11:15:33 [INFO] ✓ iCal bestand bijgewerkt: magister_noraly.ics (12 afspraken)
2026-01-13 11:15:33 [INFO]   → Boaz...
2026-01-13 11:15:41 [INFO] ✓ Afspraken opgehaald via API: 38 items (2026-01-12 t/m 2026-01-18)
2026-01-13 11:15:41 [INFO] ✓ iCal bestand bijgewerkt: magister_boaz.ics (38 afspraken)
2026-01-13 11:15:41 [INFO]   → index.html...
2026-01-13 11:15:41 [INFO] ✓ index.html gegenereerd met 2 calendar(s)
2026-01-13 11:17:33 [INFO] Keep-alive: agenda's ophalen...
2026-01-13 11:17:33 [INFO]   → Noraly...
2026-01-13 11:17:41 [INFO] ✓ Afspraken opgehaald via API: 12 items (2026-01-12 t/m 2026-01-18)
2026-01-13 11:17:41 [INFO] ✓ iCal bestand bijgewerkt: magister_noraly.ics (12 afspraken)
2026-01-13 11:17:41 [INFO]   → Boaz...
2026-01-13 11:17:49 [INFO] ✓ Afspraken opgehaald via API: 38 items (2026-01-12 t/m 2026-01-18)
2026-01-13 11:17:49 [INFO] ✓ iCal bestand bijgewerkt: magister_boaz.ics (38 afspraken)
2026-01-13 11:17:49 [INFO]   → index.html...
2026-01-13 11:17:49 [INFO] ✓ index.html gegenereerd met 2 calendar(s)
2026-01-13 11:25:41 [INFO] Keep-alive: agenda's ophalen...
2026-01-13 11:25:41 [INFO]   → Noraly...
2026-01-13 11:25:49 [INFO] ✓ Afspraken opgehaald via API: 12 items (2026-01-12 t/m 2026-01-18)
2026-01-13 11:25:49 [INFO] ✓ iCal bestand bijgewerkt: magister_noraly.ics (12 afspraken)
2026-01-13 11:25:49 [INFO]   → Boaz...
2026-01-13 11:25:58 [INFO] ✓ Afspraken opgehaald via API: 38 items (2026-01-12 t/m 2026-01-18)
2026-01-13 11:25:58 [INFO] ✓ iCal bestand bijgewerkt: magister_boaz.ics (38 afspraken)
2026-01-13 11:25:58 [INFO]   → index.html...
2026-01-13 11:25:58 [INFO] ✓ index.html gegenereerd met 2 calendar(s)
2026-01-13 11:27:49 [INFO] Keep-alive: agenda's ophalen...
2026-01-13 11:27:49 [INFO]   → Noraly...
2026-01-13 11:27:58 [INFO] ✓ Afspraken opgehaald via API: 12 items (2026-01-12 t/m 2026-01-18)
2026-01-13 11:27:58 [INFO] ✓ iCal bestand bijgewerkt: magister_noraly.ics (12 afspraken)
2026-01-13 11:27:58 [INFO]   → Boaz...
2026-01-13 11:28:06 [INFO] ✓ Afspraken opgehaald via API: 38 items (2026-01-12 t/m 2026-01-18)
2026-01-13 11:28:06 [INFO] ✓ iCal bestand bijgewerkt: magister_boaz.ics (38 afspraken)
2026-01-13 11:28:06 [INFO]   → index.html...
2026-01-13 11:28:06 [INFO] ✓ index.html gegenereerd met 2 calendar(s)
2026-01-13 11:35:58 [INFO] Keep-alive: agenda's ophalen...
2026-01-13 11:35:58 [INFO]   → Noraly...
2026-01-13 11:36:07 [INFO] ✓ Afspraken opgehaald via API: 12 items (2026-01-12 t/m 2026-01-18)
2026-01-13 11:36:07 [INFO] ✓ iCal bestand bijgewerkt: magister_noraly.ics (12 afspraken)
2026-01-13 11:36:07 [INFO]   → Boaz...
2026-01-13 11:36:17 [INFO] ✓ Afspraken opgehaald via API: 38 items (2026-01-12 t/m 2026-01-18)
2026-01-13 11:36:17 [INFO] ✓ iCal bestand bijgewerkt: magister_boaz.ics (38 afspraken)
2026-01-13 11:36:17 [INFO]   → index.html...
2026-01-13 11:36:17 [INFO] ✓ index.html gegenereerd met 2 calendar(s)
2026-01-13 11:38:06 [INFO] Keep-alive: agenda's ophalen...
2026-01-13 11:38:06 [INFO]   → Noraly...
2026-01-13 11:38:16 [INFO] ✓ Afspraken opgehaald via API: 12 items (2026-01-12 t/m 2026-01-18)
2026-01-13 11:38:16 [INFO] ✓ iCal bestand bijgewerkt: magister_noraly.ics (12 afspraken)
2026-01-13 11:38:16 [INFO]   → Boaz...
2026-01-13 11:38:26 [INFO] ✓ Afspraken opgehaald via API: 38 items (2026-01-12 t/m 2026-01-18)
2026-01-13 11:38:26 [INFO] ✓ iCal bestand bijgewerkt: magister_boaz.ics (38 afspraken)
2026-01-13 11:38:26 [INFO]   → index.html...
2026-01-13 11:38:26 [INFO] ✓ index.html gegenereerd met 2 calendar(s)
2026-01-13 11:46:17 [INFO] Keep-alive: agenda's ophalen...
2026-01-13 11:46:17 [INFO]   → Noraly...
2026-01-13 11:46:25 [INFO] ✓ Afspraken opgehaald via API: 12 items (2026-01-12 t/m 2026-01-18)
2026-01-13 11:46:25 [INFO] ✓ iCal bestand bijgewerkt: magister_noraly.ics (12 afspraken)
2026-01-13 11:46:25 [INFO]   → Boaz...
2026-01-13 11:46:33 [INFO] ✓ Afspraken opgehaald via API: 38 items (2026-01-12 t/m 2026-01-18)
2026-01-13 11:46:33 [INFO] ✓ iCal bestand bijgewerkt: magister_boaz.ics (38 afspraken)
2026-01-13 11:46:33 [INFO]   → index.html...
2026-01-13 11:46:33 [INFO] ✓ index.html gegenereerd met 2 calendar(s)
2026-01-13 11:48:26 [INFO] Keep-alive: agenda's ophalen...
2026-01-13 11:48:26 [INFO]   → Noraly...
2026-01-13 11:48:35 [INFO] ✓ Afspraken opgehaald via API: 12 items (2026-01-12 t/m 2026-01-18)
2026-01-13 11:48:35 [INFO] ✓ iCal bestand bijgewerkt: magister_noraly.ics (12 afspraken)
2026-01-13 11:48:35 [INFO]   → Boaz...
2026-01-13 11:48:48 [INFO] ✓ Afspraken opgehaald via API: 38 items (2026-01-12 t/m 2026-01-18)
2026-01-13 11:48:48 [INFO] ✓ iCal bestand bijgewerkt: magister_boaz.ics (38 afspraken)
2026-01-13 11:48:48 [INFO]   → index.html...
2026-01-13 11:48:48 [INFO] ✓ index.html gegenereerd met 2 calendar(s)
2026-01-13 11:56:33 [INFO] Keep-alive: agenda's ophalen...
2026-01-13 11:56:33 [INFO]   → Noraly...
2026-01-13 11:56:43 [INFO] ✓ Afspraken opgehaald via API: 12 items (2026-01-12 t/m 2026-01-18)
2026-01-13 11:56:43 [INFO] ✓ iCal bestand bijgewerkt: magister_noraly.ics (12 afspraken)
2026-01-13 11:56:43 [INFO]   → Boaz...
2026-01-13 11:56:53 [INFO] ✓ Afspraken opgehaald via API: 38 items (2026-01-12 t/m 2026-01-18)
2026-01-13 11:56:53 [INFO] ✓ iCal bestand bijgewerkt: magister_boaz.ics (38 afspraken)
2026-01-13 11:56:53 [INFO]   → index.html...
2026-01-13 11:56:53 [INFO] ✓ index.html gegenereerd met 2 calendar(s)
2026-01-13 11:58:48 [INFO] Keep-alive: agenda's ophalen...
2026-01-13 11:58:48 [INFO]   → Noraly...
2026-01-13 11:58:58 [INFO] ✓ Afspraken opgehaald via API: 12 items (2026-01-12 t/m 2026-01-18)
2026-01-13 11:58:58 [INFO] ✓ iCal bestand bijgewerkt: magister_noraly.ics (12 afspraken)
2026-01-13 11:58:58 [INFO]   → Boaz...
2026-01-13 11:59:08 [INFO] ✓ Afspraken opgehaald via API: 38 items (2026-01-12 t/m 2026-01-18)
2026-01-13 11:59:08 [INFO] ✓ iCal bestand bijgewerkt: magister_boaz.ics (38 afspraken)
2026-01-13 11:59:08 [INFO]   → index.html...
2026-01-13 11:59:08 [INFO] ✓ index.html gegenereerd met 2 calendar(s)
2026-01-13 12:06:53 [INFO] Keep-alive: agenda's ophalen...
2026-01-13 12:06:53 [INFO]   → Noraly...
2026-01-13 12:07:03 [INFO] ✓ Afspraken opgehaald via API: 12 items (2026-01-12 t/m 2026-01-18)
2026-01-13 12:07:03 [INFO] ✓ iCal bestand bijgewerkt: magister_noraly.ics (12 afspraken)
2026-01-13 12:07:03 [INFO]   → Boaz...
2026-01-13 12:07:13 [INFO] ✓ Afspraken opgehaald via API: 38 items (2026-01-12 t/m 2026-01-18)
2026-01-13 12:07:13 [INFO] ✓ iCal bestand bijgewerkt: magister_boaz.ics (38 afspraken)
2026-01-13 12:07:13 [INFO]   → index.html...
2026-01-13 12:07:13 [INFO] ✓ index.html gegenereerd met 2 calendar(s)
2026-01-13 12:09:08 [INFO] Keep-alive: agenda's ophalen...
2026-01-13 12:09:08 [INFO]   → Noraly...
2026-01-13 12:09:16 [INFO] ✓ Afspraken opgehaald via API: 12 items (2026-01-12 t/m 2026-01-18)
2026-01-13 12:09:16 [INFO] ✓ iCal bestand bijgewerkt: magister_noraly.ics (12 afspraken)
2026-01-13 12:09:16 [INFO]   → Boaz...
2026-01-13 12:09:25 [INFO] ✓ Afspraken opgehaald via API: 38 items (2026-01-12 t/m 2026-01-18)
2026-01-13 12:09:25 [INFO] ✓ iCal bestand bijgewerkt: magister_boaz.ics (38 afspraken)
2026-01-13 12:09:25 [INFO]   → index.html...
2026-01-13 12:09:25 [INFO] ✓ index.html gegenereerd met 2 calendar(s)
2026-01-13 12:15:01 [INFO] ✓ Server gestopt door gebruiker
2026-01-13 12:15:28 [INFO] ======================================================================
2026-01-13 12:15:28 [INFO] MAGISTER SERVER - HEADLESS MODE (MULTI-KIND) - DEV VERSION
2026-01-13 12:15:28 [INFO] Log file: ./magister.log
2026-01-13 12:15:28 [INFO] ======================================================================
2026-01-13 12:15:28 [INFO] ✓ Chromium gevonden: /run/current-system/sw/bin/chromium
2026-01-13 12:15:28 [INFO] ✓ Sessie bestand gevonden: magister_session.json
2026-01-13 12:15:28 [INFO] Testen van sessie...
2026-01-13 12:15:38 [INFO] ✓ Sessie is nog geldig
2026-01-13 12:15:38 [INFO] === Kinderen detecteren ===
2026-01-13 12:15:38 [INFO] Ophalen lijst kinderen...
2026-01-13 12:15:48 [INFO] ✓ Gevonden: 2 kind(eren)
2026-01-13 12:15:48 [INFO]   - Noraly (ID: 38436, Stamnr: 17013)
2026-01-13 12:15:48 [INFO]   - Boaz (ID: 41801, Stamnr: 18370)
2026-01-13 12:15:48 [INFO] === Agenda's ophalen ===
2026-01-13 12:15:48 [INFO] → Noraly (ID: 38436)...
2026-01-13 12:15:57 [INFO] ✓ Afspraken opgehaald via API: 12 items (2026-01-12 t/m 2026-01-18)
2026-01-13 12:15:57 [INFO] ✓ iCal bestand bijgewerkt: magister_noraly.ics (12 afspraken)
2026-01-13 12:15:57 [INFO] → Boaz (ID: 41801)...
2026-01-13 12:16:09 [INFO] ✓ Afspraken opgehaald via API: 38 items (2026-01-12 t/m 2026-01-18)
2026-01-13 12:16:09 [INFO] ✓ iCal bestand bijgewerkt: magister_boaz.ics (38 afspraken)
2026-01-13 12:16:09 [INFO] === Index genereren ===
2026-01-13 12:16:09 [INFO] ✓ index.html gegenereerd met 2 calendar(s)
2026-01-13 12:16:09 [INFO] === Keep-alive gestart (elke 10 minuten) ===
2026-01-13 12:16:09 [INFO] Het script update 2 agenda bestand(en) automatisch
2026-01-13 12:16:09 [INFO] Druk op Ctrl+C om te stoppen
2026-01-13 12:16:12 [INFO] ✓ Server gestopt door gebruiker
2026-01-13 12:19:25 [INFO] Keep-alive: agenda's ophalen...
2026-01-13 12:19:25 [INFO]   → Noraly...
2026-01-13 12:19:35 [INFO] ✓ Afspraken opgehaald via API: 12 items (2026-01-12 t/m 2026-01-18)
2026-01-13 12:19:35 [INFO] ✓ iCal bestand bijgewerkt: magister_noraly.ics (12 afspraken)
2026-01-13 12:19:35 [INFO]   → Boaz...
2026-01-13 12:19:44 [INFO] ✓ Afspraken opgehaald via API: 38 items (2026-01-12 t/m 2026-01-18)
2026-01-13 12:19:44 [INFO] ✓ iCal bestand bijgewerkt: magister_boaz.ics (38 afspraken)
2026-01-13 12:19:44 [INFO]   → index.html...
2026-01-13 12:19:44 [INFO] ✓ index.html gegenereerd met 2 calendar(s)
2026-01-13 12:22:23 [INFO] ======================================================================
2026-01-13 12:22:23 [INFO] MAGISTER SERVER - HEADLESS MODE (MULTI-KIND) - DEV VERSION
2026-01-13 12:22:23 [INFO] Log file: ./magister.log
2026-01-13 12:22:23 [INFO] Output directory: /var/lib/magister
2026-01-13 12:22:23 [INFO] ======================================================================
2026-01-13 12:22:23 [INFO] ✓ Output directory gereed: /var/lib/magister
2026-01-13 12:22:23 [INFO] ✓ Chromium gevonden: /run/current-system/sw/bin/chromium
2026-01-13 12:22:23 [INFO] ✓ Sessie bestand gevonden: magister_session.json
2026-01-13 12:22:23 [INFO] Testen van sessie...
2026-01-13 12:22:33 [INFO]   Geen afspraken response, probeer directe API test...
2026-01-13 12:22:33 [ERROR] ✗ API test error: It looks like you are using Playwright Sync API inside the asyncio loop.
Please use the Async API instead.
Traceback (most recent call last):
  File "/home/wtoorren/data/git/torreirow-nixos/modules/magister/./magister_server_dev.py", line 274, in test_session_api
    with sync_playwright() as p:
         ~~~~~~~~~~~~~~~^^
  File "/nix/store/gmm56wjgm6nbq3bbr20hkflskr6f0w6n-python3-3.13.9-env/lib/python3.13/site-packages/playwright/sync_api/_context_manager.py", line 47, in __enter__
                raise Error(
    ...<2 lines>...
                )
playwright._impl._errors.Error: It looks like you are using Playwright Sync API inside the asyncio loop.
Please use the Async API instead.
2026-01-13 12:22:33 [ERROR] ✗ Sessie is niet meer geldig!
2026-01-13 12:22:33 [INFO] De sessie is verlopen. Voer de volgende stappen uit:
2026-01-13 12:22:33 [INFO] 1. Draai magister_login.py op je laptop (opnieuw inloggen)
2026-01-13 12:22:33 [INFO] 2. Kopieer het nieuwe magister_session.json naar deze server
2026-01-13 12:22:33 [INFO] 3. Start dit script opnieuw
2026-01-13 12:23:54 [INFO] ======================================================================
2026-01-13 12:23:54 [INFO] MAGISTER SERVER - HEADLESS MODE (MULTI-KIND) - DEV VERSION
2026-01-13 12:23:54 [INFO] Log file: ./magister.log
2026-01-13 12:23:54 [INFO] Output directory: /var/lib/magister
2026-01-13 12:23:54 [INFO] ======================================================================
2026-01-13 12:23:54 [INFO] ✓ Output directory gereed: /var/lib/magister
2026-01-13 12:23:54 [INFO] ✓ Chromium gevonden: /run/current-system/sw/bin/chromium
2026-01-13 12:23:54 [INFO] ✓ Sessie bestand gevonden: /var/lib/magister/magister_session.json
2026-01-13 12:23:54 [INFO] Testen van sessie...
2026-01-13 12:24:04 [INFO]   Geen afspraken response, probeer directe API test...
2026-01-13 12:24:04 [ERROR] ✗ API test error: It looks like you are using Playwright Sync API inside the asyncio loop.
Please use the Async API instead.
Traceback (most recent call last):
  File "/home/wtoorren/data/git/torreirow-nixos/modules/magister/./magister_server_dev.py", line 274, in test_session_api
    with sync_playwright() as p:
         ~~~~~~~~~~~~~~~^^
  File "/nix/store/gmm56wjgm6nbq3bbr20hkflskr6f0w6n-python3-3.13.9-env/lib/python3.13/site-packages/playwright/sync_api/_context_manager.py", line 47, in __enter__
                raise Error(
    ...<2 lines>...
                )
playwright._impl._errors.Error: It looks like you are using Playwright Sync API inside the asyncio loop.
Please use the Async API instead.
2026-01-13 12:24:04 [ERROR] ✗ Sessie is niet meer geldig!
2026-01-13 12:24:04 [INFO] De sessie is verlopen. Voer de volgende stappen uit:
2026-01-13 12:24:04 [INFO] 1. Draai magister_login.py op je laptop (opnieuw inloggen)
2026-01-13 12:24:04 [INFO] 2. Kopieer het nieuwe /var/lib/magister/magister_session.json naar deze server
2026-01-13 12:24:04 [INFO] 3. Start dit script opnieuw
2026-01-13 12:26:18 [INFO] ======================================================================
2026-01-13 12:26:18 [INFO] MAGISTER SERVER - HEADLESS MODE (MULTI-KIND) - DEV VERSION
2026-01-13 12:26:18 [INFO] Log file: ./magister.log
2026-01-13 12:26:18 [INFO] Output directory: /var/lib/magister
2026-01-13 12:26:18 [INFO] ======================================================================
2026-01-13 12:26:18 [INFO] ✓ Output directory gereed: /var/lib/magister
2026-01-13 12:26:18 [INFO] ✓ Chromium gevonden: /run/current-system/sw/bin/chromium
2026-01-13 12:26:18 [INFO] ✓ Sessie bestand gevonden: /var/lib/magister/magister_session.json
2026-01-13 12:26:18 [INFO] Testen van sessie...
2026-01-13 12:26:27 [INFO] ✓ Sessie is nog geldig
2026-01-13 12:26:27 [INFO] === Kinderen detecteren ===
2026-01-13 12:26:27 [INFO] Ophalen lijst kinderen...
2026-01-13 12:26:37 [INFO] ✓ Gevonden: 2 kind(eren)
2026-01-13 12:26:37 [INFO]   - Noraly (ID: 38436, Stamnr: 17013)
2026-01-13 12:26:37 [INFO]   - Boaz (ID: 41801, Stamnr: 18370)
2026-01-13 12:26:37 [INFO] === Agenda's ophalen ===
2026-01-13 12:26:37 [INFO] → Noraly (ID: 38436)...
2026-01-13 12:26:46 [INFO] ✓ Afspraken opgehaald via API: 12 items (2026-01-12 t/m 2026-01-18)
2026-01-13 12:26:46 [INFO] ✓ iCal bestand bijgewerkt: /var/lib/magister/magister_noraly.ics (12 afspraken)
2026-01-13 12:26:46 [INFO] → Boaz (ID: 41801)...
2026-01-13 12:26:56 [INFO] ✓ Afspraken opgehaald via API: 38 items (2026-01-12 t/m 2026-01-18)
2026-01-13 12:26:56 [INFO] ✓ iCal bestand bijgewerkt: /var/lib/magister/magister_boaz.ics (38 afspraken)
2026-01-13 12:26:56 [INFO] === Index genereren ===
2026-01-13 12:26:56 [ERROR] ✗ Fout bij genereren index.html: [Errno 13] Permission denied: '/var/lib/magister/index.html'
Traceback (most recent call last):
  File "/home/wtoorren/data/git/torreirow-nixos/modules/magister/./magister_server_dev.py", line 129, in generate_index_html
    with open(index_path, "w") as f:
         ~~~~^^^^^^^^^^^^^^^^^
PermissionError: [Errno 13] Permission denied: '/var/lib/magister/index.html'
2026-01-13 12:26:56 [INFO] === Keep-alive gestart (elke 10 minuten) ===
2026-01-13 12:26:56 [INFO] Het script update 2 agenda bestand(en) automatisch
2026-01-13 12:26:56 [INFO] Druk op Ctrl+C om te stoppen
2026-01-13 12:27:05 [INFO] ✓ Server gestopt door gebruiker
